<?xml version="1.0" encoding="UTF-8"?>
<!-- Generated by org.testng.reporters.JUnitXMLReporter -->
<testsuite hostname="CNI-L-LPT21116" failures="0" tests="1" name="Default test" time="0.015" errors="0" timestamp="15 Jul 2018 16:28:57 GMT">
  <testcase classname="day1.ExcelExamples" name="@BeforeSuite beforeSuite" time="0.0">
    <failure type="org.apache.poi.openxml4j.exceptions.InvalidOperationException" message="Can&amp;apos;t open the specified file input stream from file: &amp;apos;.\data\WPFAutomation.xlsx&amp;apos;">
      <![CDATA[org.apache.poi.openxml4j.exceptions.InvalidOperationException: Can't open the specified file input stream from file: '.\data\WPFAutomation.xlsx'
	at org.apache.poi.openxml4j.opc.ZipPackage.openZipEntrySourceStream(ZipPackage.java:155)
	at org.apache.poi.openxml4j.opc.ZipPackage.<init>(ZipPackage.java:142)
	at org.apache.poi.openxml4j.opc.ZipPackage.<init>(ZipPackage.java:117)
	at org.apache.poi.openxml4j.opc.OPCPackage.open(OPCPackage.java:257)
	at org.apache.poi.openxml4j.opc.OPCPackage.open(OPCPackage.java:187)
	at org.apache.poi.POIXMLDocument.openPackage(POIXMLDocument.java:89)
	at org.apache.poi.xssf.usermodel.XSSFWorkbook.<init>(XSSFWorkbook.java:340)
	at day1.ExcelExamples.beforeSuite(ExcelExamples.java:19)
	at java.base/jdk.internal.reflect.NativeMethodAccessorImpl.invoke0(Native Method)
	at java.base/jdk.internal.reflect.NativeMethodAccessorImpl.invoke(NativeMethodAccessorImpl.java:62)
	at java.base/jdk.internal.reflect.DelegatingMethodAccessorImpl.invoke(DelegatingMethodAccessorImpl.java:43)
	at java.base/java.lang.reflect.Method.invoke(Method.java:564)
	at org.testng.internal.MethodInvocationHelper.invokeMethod(MethodInvocationHelper.java:86)
	at org.testng.internal.Invoker.invokeConfigurationMethod(Invoker.java:514)
	at org.testng.internal.Invoker.invokeConfigurations(Invoker.java:215)
	at org.testng.internal.Invoker.invokeConfigurations(Invoker.java:142)
	at org.testng.SuiteRunner.privateRun(SuiteRunner.java:305)
	at org.testng.SuiteRunner.run(SuiteRunner.java:268)
	at org.testng.SuiteRunnerWorker.runSuite(SuiteRunnerWorker.java:52)
	at org.testng.SuiteRunnerWorker.run(SuiteRunnerWorker.java:86)
	at org.testng.TestNG.runSuitesSequentially(TestNG.java:1244)
	at org.testng.TestNG.runSuitesLocally(TestNG.java:1169)
	at org.testng.TestNG.run(TestNG.java:1064)
	at org.testng.remote.AbstractRemoteTestNG.run(AbstractRemoteTestNG.java:114)
	at org.testng.remote.RemoteTestNG.initAndRun(RemoteTestNG.java:251)
	at org.testng.remote.RemoteTestNG.main(RemoteTestNG.java:77)
Caused by: java.io.FileNotFoundException: .\data\WPFAutomation.xlsx (The system cannot find the path specified)
	at java.base/java.io.FileInputStream.open0(Native Method)
	at java.base/java.io.FileInputStream.open(FileInputStream.java:196)
	at java.base/java.io.FileInputStream.<init>(FileInputStream.java:139)
	at org.apache.poi.openxml4j.opc.ZipPackage.openZipEntrySourceStream(ZipPackage.java:152)
	... 25 more
]]>
    </failure>
  </testcase> <!-- @BeforeSuite beforeSuite -->
  <testcase classname="day1.ExcelExamples" name="initiateACIPayment" time="0.0">
    <skipped/>
  </testcase> <!-- initiateACIPayment -->
</testsuite> <!-- Default test -->
