<?xml version="1.0" encoding="UTF-8"?>
<!-- Generated by org.testng.reporters.JUnitXMLReporter -->
<testsuite hostname="CNI-L-LPT21116" failures="0" tests="4" name="Test" time="0.031" errors="0" timestamp="29 Jun 2018 14:58:37 GMT">
  <testcase classname="week5codingchallenge.ClassB" name="methodTest1" time="0.0"/>
  <testcase classname="week5codingchallenge.ClassB" name="methodTest" time="0.0"/>
  <testcase classname="week5codingchallenge.ClassA" name="methodTest" time="0.0"/>
  <testcase classname="week5codingchallenge.ClassA" name="methodTest1" time="0.0"/>
</testsuite> <!-- Test -->
